Using pre-set license
Desktop is 1920 x 1080 @ 60 Hz

 COMMAND LINE ARGUMENTS:
Unity
-adb2
-batchMode
-noUpm
-name
AssetImportWorker0
-projectPath
/home/spiderman/UnityProjects/PizzaOutbreak
-logFile
Logs/AssetImportWorker0.log
-srvPort
39173
Successfully changed project path to: /home/spiderman/UnityProjects/PizzaOutbreak
/home/spiderman/UnityProjects/PizzaOutbreak
Using Asset Import Pipeline V2.
Refreshing native plugins compatible for Editor in 255,20 ms, found 1 plugins.
Preloading 0 native plugins for Editor in 0,00 ms.
Initialize engine version: 2020.2.1f1 (270dd8c3da1c)
[Subsystems] Discovering subsystems at path /home/spiderman/Downloads/2020.2.1f1/Editor/Data/Resources/UnitySubsystems
[Subsystems] Discovering subsystems at path /home/spiderman/UnityProjects/PizzaOutbreak/Assets
GLX Extensions: GLX_ARB_create_context GLX_ARB_create_context_no_error GLX_ARB_create_context_profile GLX_ARB_create_context_robustness GLX_ARB_fbconfig_float GLX_ARB_framebuffer_sRGB GLX_ARB_get_proc_address GLX_ARB_multisample GLX_EXT_buffer_age GLX_EXT_create_context_es2_profile GLX_EXT_create_context_es_profile GLX_EXT_fbconfig_packed_float GLX_EXT_framebuffer_sRGB GLX_EXT_import_context GLX_EXT_texture_from_pixmap GLX_EXT_visual_info GLX_EXT_visual_rating GLX_INTEL_swap_event GLX_MESA_copy_sub_buffer GLX_MESA_query_renderer GLX_MESA_swap_control GLX_OML_swap_method GLX_OML_sync_control GLX_SGIS_multisample GLX_SGIX_fbconfig GLX_SGIX_pbuffer GLX_SGIX_visual_select_group GLX_SGI_make_current_read GLX_SGI_swap_control GLX_SGI_video_sync 
Renderer: Mesa DRI Intel(R) HD Graphics 405 (BSW)
Vendor:   Intel Open Source Technology Center
Version:  4.6 (Core Profile) Mesa 20.2.6
GLES:     0
 GL_3DFX_texture_compression_FXT1 GL_AMD_conservative_depth GL_AMD_draw_buffers_blend GL_AMD_gpu_shader_int64 GL_AMD_multi_draw_indirect GL_AMD_query_buffer_object GL_AMD_seamless_cubemap_per_texture GL_AMD_shader_trinary_minmax GL_AMD_texture_texture4 GL_AMD_vertex_shader_layer GL_AMD_vertex_shader_viewport_index GL_ANGLE_texture_compression_dxt3 GL_ANGLE_texture_compression_dxt5 GL_APPLE_object_purgeable GL_ARB_ES2_compatibility GL_ARB_ES3_1_compatibility GL_ARB_ES3_2_compatibility GL_ARB_ES3_compatibility GL_ARB_arrays_of_arrays GL_ARB_base_instance GL_ARB_blend_func_extended GL_ARB_buffer_storage GL_ARB_clear_buffer_object GL_ARB_clear_texture GL_ARB_clip_control GL_ARB_compressed_texture_pixel_storage GL_ARB_compute_shader GL_ARB_compute_variable_group_size GL_ARB_conditional_render_inverted GL_ARB_conservative_depth GL_ARB_copy_buffer GL_ARB_copy_image GL_ARB_cull_distance GL_ARB_debug_output GL_ARB_depth_buffer_float GL_ARB_depth_clamp GL_ARB_derivative_control GL_ARB_direct_state_access GL_ARB_draw_b
uffers GL_ARB_draw_buffers_blend GL_ARB_draw_elements_base_vertex GL_ARB_draw_indirect GL_ARB_draw_instanced GL_ARB_enhanced_layouts GL_ARB_explicit_attrib_location GL_ARB_explicit_uniform_location GL_ARB_fragment_coord_conventions GL_ARB_fragment_layer_viewport GL_ARB_fragment_shader GL_ARB_framebuffer_no_attachments GL_ARB_framebuffer_object GL_ARB_framebuffer_sRGB GL_ARB_get_program_binary GL_ARB_get_texture_sub_image GL_ARB_gl_spirv GL_ARB_gpu_shader5 GL_ARB_gpu_shader_fp64 GL_ARB_gpu_shader_int64 GL_ARB_half_float_pixel GL_ARB_half_float_vertex GL_ARB_indirect_parameters GL_ARB_instanced_arrays GL_ARB_internalformat_query GL_ARB_internalformat_query2 GL_ARB_invalidate_subdata GL_ARB_map_buffer_alignment GL_ARB_map_buffer_range GL_ARB_multi_bind GL_ARB_multi_draw_indirect GL_ARB_occlusion_query2 GL_ARB_parallel_shader_compile GL_ARB_pipeline_statistics_query GL_ARB_pixel_buffer_object GL_ARB_point_sprite GL_ARB_polygon_offset_clamp GL_ARB_program_interface_query GL_ARB_provoking_vertex GL_ARB_query_buffe
r_object GL_ARB_robust_buffer_access_behavior GL_ARB_robustness GL_ARB_sample_shading GL_ARB_sampler_objects GL_ARB_seamless_cube_map GL_ARB_seamless_cubemap_per_texture GL_ARB_separate_shader_objects GL_ARB_shader_atomic_counter_ops GL_ARB_shader_atomic_counters GL_ARB_shader_ballot GL_ARB_shader_bit_encoding GL_ARB_shader_clock GL_ARB_shader_draw_parameters GL_ARB_shader_group_vote GL_ARB_shader_image_load_store GL_ARB_shader_image_size GL_ARB_shader_objects GL_ARB_shader_precision GL_ARB_shader_storage_buffer_object GL_ARB_shader_subroutine GL_ARB_shader_texture_image_samples GL_ARB_shader_texture_lod GL_ARB_shader_viewport_layer_array GL_ARB_shading_language_420pack GL_ARB_shading_language_include GL_ARB_shading_language_packing GL_ARB_spirv_extensions GL_ARB_stencil_texturing GL_ARB_sync GL_ARB_tessellation_shader GL_ARB_texture_barrier GL_ARB_texture_buffer_object GL_ARB_texture_buffer_object_rgb32 GL_ARB_texture_buffer_range GL_ARB_texture_compression_bptc GL_ARB_texture_compression_rgtc GL_ARB_textur
e_cube_map_array GL_ARB_texture_filter_anisotropic GL_ARB_texture_float GL_ARB_texture_gather GL_ARB_texture_mirror_clamp_to_edge GL_ARB_texture_multisample GL_ARB_texture_non_power_of_two GL_ARB_texture_query_levels GL_ARB_texture_query_lod GL_ARB_texture_rectangle GL_ARB_texture_rg GL_ARB_texture_rgb10_a2ui GL_ARB_texture_stencil8 GL_ARB_texture_storage GL_ARB_texture_storage_multisample GL_ARB_texture_swizzle GL_ARB_texture_view GL_ARB_timer_query GL_ARB_transform_feedback2 GL_ARB_transform_feedback3 GL_ARB_transform_feedback_instanced GL_ARB_transform_feedback_overflow_query GL_ARB_uniform_buffer_object GL_ARB_vertex_array_bgra GL_ARB_vertex_array_object GL_ARB_vertex_attrib_64bit GL_ARB_vertex_attrib_binding GL_ARB_vertex_buffer_object GL_ARB_vertex_shader GL_ARB_vertex_type_10f_11f_11f_rev GL_ARB_vertex_type_2_10_10_10_rev GL_ARB_viewport_array GL_ATI_blend_equation_separate GL_ATI_texture_float GL_EXT_EGL_image_storage GL_EXT_EGL_sync GL_EXT_abgr GL_EXT_blend_equation_separate GL_EXT_demote_to_helper_
invocation GL_EXT_draw_buffers2 GL_EXT_draw_instanced GL_EXT_framebuffer_blit GL_EXT_framebuffer_multisample GL_EXT_framebuffer_multisample_blit_scaled GL_EXT_framebuffer_object GL_EXT_framebuffer_sRGB GL_EXT_packed_depth_stencil GL_EXT_packed_float GL_EXT_pixel_buffer_object GL_EXT_polygon_offset_clamp GL_EXT_provoking_vertex GL_EXT_shader_framebuffer_fetch_non_coherent GL_EXT_shader_integer_mix GL_EXT_shader_samples_identical GL_EXT_texture_array GL_EXT_texture_compression_dxt1 GL_EXT_texture_compression_rgtc GL_EXT_texture_compression_s3tc GL_EXT_texture_filter_anisotropic GL_EXT_texture_integer GL_EXT_texture_sRGB GL_EXT_texture_sRGB_R8 GL_EXT_texture_sRGB_decode GL_EXT_texture_shadow_lod GL_EXT_texture_shared_exponent GL_EXT_texture_snorm GL_EXT_texture_swizzle GL_EXT_timer_query GL_EXT_transform_feedback GL_EXT_vertex_array_bgra GL_EXT_vertex_attrib_64bit GL_IBM_multimode_draw_arrays GL_INTEL_blackhole_render GL_INTEL_performance_query GL_INTEL_shader_integer_functions2 GL_KHR_blend_equation_advanced G
L_KHR_context_flush_control GL_KHR_debug GL_KHR_no_error GL_KHR_parallel_shader_compile GL_KHR_robust_buffer_access_behavior GL_KHR_robustness GL_MESA_framebuffer_flip_y GL_MESA_pack_invert GL_MESA_shader_integer_functions GL_MESA_texture_signed_rgba GL_NV_compute_shader_derivatives GL_NV_conditional_render GL_NV_depth_clamp GL_NV_packed_depth_stencil GL_NV_texture_barrier GL_OES_EGL_image GL_S3_s3tc
OPENGL LOG: Creating OpenGL 4.6 graphics device ; Context level  <OpenGL 4.5> ; Context handle -75011984
Initialize mono
Mono path[0] = '/home/spiderman/Downloads/2020.2.1f1/Editor/Data/Managed'
Mono path[1] = '/home/spiderman/Downloads/2020.2.1f1/Editor/Data/MonoBleedingEdge/lib/mono/unityjit'
Mono config path = '/home/spiderman/Downloads/2020.2.1f1/Editor/Data/MonoBleedingEdge/etc'
Using monoOptions --debugger-agent=transport=dt_socket,embedding=1,server=y,suspend=n,address=127.0.0.1:56903
Begin MonoManager ReloadAssembly
Registering precompiled unity dll's ...
Register platform support module: /home/spiderman/Downloads/2020.2.1f1/Editor/Data/PlaybackEngines/WebGLSupport/UnityEditor.WebGL.Extensions.dll
Register platform support module: /home/spiderman/Downloads/2020.2.1f1/Editor/Data/PlaybackEngines/WindowsStandaloneSupport/UnityEditor.WindowsStandalone.Extensions.dll
Register platform support module: /home/spiderman/Downloads/2020.2.1f1/Editor/Data/PlaybackEngines/LinuxStandaloneSupport/UnityEditor.LinuxStandalone.Extensions.dll
Registered in 0,007197 seconds.
Native extension for LinuxStandalone target not found
Native extension for WindowsStandalone target not found
Native extension for WebGL target not found
Refreshing native plugins compatible for Editor in 267,09 ms, found 1 plugins.
Preloading 0 native plugins for Editor in 0,00 ms.
Invoked RoslynAnalysisRunner static constructor.
RoslynAnalysisRunner will not be running.
RoslynAnalysisRunner has terminated.
Mono: successfully reloaded assembly
- Completed reload, in  5,323 seconds
Platform modules already initialized, skipping
Registering precompiled user dll's ...
Registered in 0,005198 seconds.
Begin MonoManager ReloadAssembly
Native extension for LinuxStandalone target not found
Native extension for WindowsStandalone target not found
Native extension for WebGL target not found
Refreshing native plugins compatible for Editor in 270,87 ms, found 1 plugins.
Preloading 0 native plugins for Editor in 0,00 ms.
Invoked RoslynAnalysisRunner static constructor.
RoslynAnalysisRunner will not be running.
RoslynAnalysisRunner has terminated.
Mono: successfully reloaded assembly
- Completed reload, in  4,110 seconds
Platform modules already initialized, skipping
========================================================================
Worker process is ready to serve import requests
Launched and connected shader compiler UnityShaderCompiler after 0.05 seconds
Refreshing native plugins compatible for Editor in 1,83 ms, found 1 plugins.
Preloading 0 native plugins for Editor in 0,00 ms.
Unloading 2209 Unused Serialized files (Serialized files now loaded: 0)
System memory in use before: 116,7 MB.
System memory in use after: 116,7 MB.

Unloading 24 unused Assets to reduce memory usage. Loaded Objects now: 2673.
Total: 18,717100 ms (FindLiveObjects: 1,811112 ms CreateObjectMapping: 1,373475 ms MarkObjects: 14,523912 ms  DeleteObjects: 1,000112 ms)

========================================================================
Received Import Request.
  path: Assets/Scenes/Pizzeria.unity
  artifactKey: Guid(9a2f3b6a0ad4b136ca4879c90062671b) Importer(815301076,1909f56bfc062723c751e8b465ee728b)
Start importing Assets/Scenes/Pizzeria.unity using Guid(9a2f3b6a0ad4b136ca4879c90062671b) Importer(815301076,1909f56bfc062723c751e8b465ee728b)  -> (artifact id: '42c276ff1d854f1c9337c4a20aca0ca7') in 0,069618 seconds
  Import took 0,091361 seconds .

========================================================================
Received Prepare
Registering precompiled user dll's ...
Registered in 0,004555 seconds.
Begin MonoManager ReloadAssembly
Native extension for LinuxStandalone target not found
Native extension for WindowsStandalone target not found
Native extension for WebGL target not found
Refreshing native plugins compatible for Editor in 1,57 ms, found 1 plugins.
Preloading 0 native plugins for Editor in 0,00 ms.
Invoked RoslynAnalysisRunner static constructor.
RoslynAnalysisRunner will not be running.
RoslynAnalysisRunner has terminated.
Mono: successfully reloaded assembly
- Completed reload, in  3,330 seconds
Platform modules already initialized, skipping
Refreshing native plugins compatible for Editor in 1,49 ms, found 1 plugins.
Preloading 0 native plugins for Editor in 0,00 ms.
Unloading 2158 Unused Serialized files (Serialized files now loaded: 0)
System memory in use before: 114,1 MB.
System memory in use after: 114,1 MB.

Unloading 14 unused Assets to reduce memory usage. Loaded Objects now: 2676.
Total: 17,056375 ms (FindLiveObjects: 1,915475 ms CreateObjectMapping: 0,638825 ms MarkObjects: 14,069275 ms  DeleteObjects: 0,419100 ms)

========================================================================
Received Prepare
Registering precompiled user dll's ...
Registered in 0,004531 seconds.
Begin MonoManager ReloadAssembly
Native extension for LinuxStandalone target not found
Native extension for WindowsStandalone target not found
Native extension for WebGL target not found
Refreshing native plugins compatible for Editor in 1,67 ms, found 1 plugins.
Preloading 0 native plugins for Editor in 0,00 ms.
Invoked RoslynAnalysisRunner static constructor.
RoslynAnalysisRunner will not be running.
RoslynAnalysisRunner has terminated.
Mono: successfully reloaded assembly
- Completed reload, in  3,711 seconds
Platform modules already initialized, skipping
Refreshing native plugins compatible for Editor in 1,73 ms, found 1 plugins.
Preloading 0 native plugins for Editor in 0,00 ms.
Unloading 2158 Unused Serialized files (Serialized files now loaded: 0)
System memory in use before: 114,2 MB.
System memory in use after: 114,2 MB.

Unloading 14 unused Assets to reduce memory usage. Loaded Objects now: 2679.
Total: 14,444825 ms (FindLiveObjects: 1,691212 ms CreateObjectMapping: 0,846137 ms MarkObjects: 11,467950 ms  DeleteObjects: 0,433850 ms)

========================================================================
Received Prepare
Registering precompiled user dll's ...
Registered in 0,004430 seconds.
Begin MonoManager ReloadAssembly
Native extension for LinuxStandalone target not found
Native extension for WindowsStandalone target not found
Native extension for WebGL target not found
Refreshing native plugins compatible for Editor in 1,52 ms, found 1 plugins.
Preloading 0 native plugins for Editor in 0,00 ms.
Invoked RoslynAnalysisRunner static constructor.
RoslynAnalysisRunner will not be running.
RoslynAnalysisRunner has terminated.
Mono: successfully reloaded assembly
- Completed reload, in  3,283 seconds
Platform modules already initialized, skipping
Refreshing native plugins compatible for Editor in 1,47 ms, found 1 plugins.
Preloading 0 native plugins for Editor in 0,00 ms.
Unloading 2158 Unused Serialized files (Serialized files now loaded: 0)
System memory in use before: 114,2 MB.
System memory in use after: 114,2 MB.

Unloading 14 unused Assets to reduce memory usage. Loaded Objects now: 2682.
Total: 15,953062 ms (FindLiveObjects: 1,448550 ms CreateObjectMapping: 0,576988 ms MarkObjects: 13,072425 ms  DeleteObjects: 0,847388 ms)

========================================================================
Received Import Request.
  Time since last request: 891,790557 seconds.
  path: Assets/Scenes/SampleScene.unity
  artifactKey: Guid(2cda990e2423bbf4892e6590ba056729) Importer(815301076,1909f56bfc062723c751e8b465ee728b)
Start importing Assets/Scenes/SampleScene.unity using Guid(2cda990e2423bbf4892e6590ba056729) Importer(815301076,1909f56bfc062723c751e8b465ee728b)  -> (artifact id: 'c945a04c2ba590aa6fd62a2ec70245ac') in 0,045962 seconds
  Import took 0,058208 seconds .

========================================================================
Received Import Request.
  Time since last request: 37,459349 seconds.
  path: Assets/Scenes/Pizzeria.unity
  artifactKey: Guid(9a2f3b6a0ad4b136ca4879c90062671b) Importer(815301076,1909f56bfc062723c751e8b465ee728b)
Start importing Assets/Scenes/Pizzeria.unity using Guid(9a2f3b6a0ad4b136ca4879c90062671b) Importer(815301076,1909f56bfc062723c751e8b465ee728b)  -> (artifact id: '4330fe8aeeb199dcbe3d8b1917662374') in 0,007657 seconds
  Import took 0,021754 seconds .

========================================================================
Received Import Request.
  Time since last request: 8,532749 seconds.
  path: Assets/Scenes/Map.unity
  artifactKey: Guid(7fc5971f9e6e875a6b565572cf4424d5) Importer(815301076,1909f56bfc062723c751e8b465ee728b)
Start importing Assets/Scenes/Map.unity using Guid(7fc5971f9e6e875a6b565572cf4424d5) Importer(815301076,1909f56bfc062723c751e8b465ee728b)  -> (artifact id: '152dc245abff3f91abe2efb8358910f4') in 0,004930 seconds
  Import took 0,048088 seconds .

========================================================================
Received Import Request.
  Time since last request: 2,606944 seconds.
  path: Assets/Scenes/SampleScene.unity
  artifactKey: Guid(2cda990e2423bbf4892e6590ba056729) Importer(815301076,1909f56bfc062723c751e8b465ee728b)
Start importing Assets/Scenes/SampleScene.unity using Guid(2cda990e2423bbf4892e6590ba056729) Importer(815301076,1909f56bfc062723c751e8b465ee728b)  -> (artifact id: 'aa17a7e7a10a9cf561b737f133c455f9') in 0,006098 seconds
  Import took 0,020851 seconds .

========================================================================
Received Import Request.
  Time since last request: 268,883692 seconds.
  path: Assets/Graphics/UI/BarBackground.png
  artifactKey: Guid(3b0c299e6f58ccd0f89a5afb842ae62c) Importer(815301076,1909f56bfc062723c751e8b465ee728b)
Start importing Assets/Graphics/UI/BarBackground.png using Guid(3b0c299e6f58ccd0f89a5afb842ae62c) Importer(815301076,1909f56bfc062723c751e8b465ee728b)  -> (artifact id: '88df0162617dc5f49aa4ef545ae5aa48') in 0,209265 seconds
  Import took 0,222603 seconds .

========================================================================
Received Import Request.
  Time since last request: 22,205569 seconds.
  path: Assets/Graphics/UI/BarBackground.png
  artifactKey: Guid(3b0c299e6f58ccd0f89a5afb842ae62c) Importer(815301076,1909f56bfc062723c751e8b465ee728b)
Start importing Assets/Graphics/UI/BarBackground.png using Guid(3b0c299e6f58ccd0f89a5afb842ae62c) Importer(815301076,1909f56bfc062723c751e8b465ee728b)  -> (artifact id: '31e2aa30432a8e928340e5986b0bba78') in 0,015566 seconds
  Import took 0,028883 seconds .

========================================================================
Received Import Request.
  Time since last request: 0,068553 seconds.
  path: Assets/Graphics/UI/BarBackground.png
  artifactKey: Guid(3b0c299e6f58ccd0f89a5afb842ae62c) Importer(815301076,1909f56bfc062723c751e8b465ee728b)
Start importing Assets/Graphics/UI/BarBackground.png using Guid(3b0c299e6f58ccd0f89a5afb842ae62c) Importer(815301076,1909f56bfc062723c751e8b465ee728b)  -> (artifact id: '31e2aa30432a8e928340e5986b0bba78') in 0,014863 seconds
  Import took 0,029347 seconds .

========================================================================
Received Import Request.
  Time since last request: 47,513684 seconds.
  path: Assets/Graphics/UI/BarBackground.png
  artifactKey: Guid(3b0c299e6f58ccd0f89a5afb842ae62c) Importer(815301076,1909f56bfc062723c751e8b465ee728b)
Start importing Assets/Graphics/UI/BarBackground.png using Guid(3b0c299e6f58ccd0f89a5afb842ae62c) Importer(815301076,1909f56bfc062723c751e8b465ee728b)  -> (artifact id: 'bd8fb303f7993a303fee0a2a82996568') in 0,016850 seconds
  Import took 0,028888 seconds .

========================================================================
Received Import Request.
  Time since last request: 0,061947 seconds.
  path: Assets/Graphics/UI/BarBackground.png
  artifactKey: Guid(3b0c299e6f58ccd0f89a5afb842ae62c) Importer(815301076,1909f56bfc062723c751e8b465ee728b)
Start importing Assets/Graphics/UI/BarBackground.png using Guid(3b0c299e6f58ccd0f89a5afb842ae62c) Importer(815301076,1909f56bfc062723c751e8b465ee728b)  -> (artifact id: 'bd8fb303f7993a303fee0a2a82996568') in 0,021904 seconds
  Import took 0,037792 seconds .

========================================================================
Received Import Request.
  Time since last request: 131,645601 seconds.
  path: Assets/Scripts/Managers/OptionsManager.cs
  artifactKey: Guid(1f39adb9e416f690b9a29d67a040efc0) Importer(815301076,1909f56bfc062723c751e8b465ee728b)
Start importing Assets/Scripts/Managers/OptionsManager.cs using Guid(1f39adb9e416f690b9a29d67a040efc0) Importer(815301076,1909f56bfc062723c751e8b465ee728b)  -> (artifact id: 'fb2b800a0b8f68314b2caa810ae52099') in 0,003184 seconds
  Import took 0,016386 seconds .

========================================================================
Received Import Request.
  Time since last request: 1007,841724 seconds.
  path: Assets/Scripts/Managers/MenuController.cs
  artifactKey: Guid(62bf27f9b88c3467fa9de3646b7e2287) Importer(815301076,1909f56bfc062723c751e8b465ee728b)
Start importing Assets/Scripts/Managers/MenuController.cs using Guid(62bf27f9b88c3467fa9de3646b7e2287) Importer(815301076,1909f56bfc062723c751e8b465ee728b)  -> (artifact id: 'de61db41802b1f57746a2929c127cc2c') in 0,002795 seconds
  Import took 0,016246 seconds .

========================================================================
Received Import Request.
  Time since last request: 2550,385446 seconds.
  path: Assets/Scripts/Managers/MenuController.cs
  artifactKey: Guid(62bf27f9b88c3467fa9de3646b7e2287) Importer(815301076,1909f56bfc062723c751e8b465ee728b)
Start importing Assets/Scripts/Managers/MenuController.cs using Guid(62bf27f9b88c3467fa9de3646b7e2287) Importer(815301076,1909f56bfc062723c751e8b465ee728b)  -> (artifact id: '9269f470fc273ee7061be39a0888552e') in 0,004444 seconds
  Import took 0,022460 seconds .

========================================================================
Received Import Request.
  Time since last request: 32,557514 seconds.
  path: Assets/Scripts/Managers/MenuController.cs
  artifactKey: Guid(62bf27f9b88c3467fa9de3646b7e2287) Importer(815301076,1909f56bfc062723c751e8b465ee728b)
Start importing Assets/Scripts/Managers/MenuController.cs using Guid(62bf27f9b88c3467fa9de3646b7e2287) Importer(815301076,1909f56bfc062723c751e8b465ee728b)  -> (artifact id: 'f234b9c4d83d2e03183c51baebf99748') in 0,003405 seconds
  Import took 0,024456 seconds .

========================================================================
Received Import Request.
  Time since last request: 43,264138 seconds.
  path: Assets/Scripts/Managers/MenuController.cs
  artifactKey: Guid(62bf27f9b88c3467fa9de3646b7e2287) Importer(815301076,1909f56bfc062723c751e8b465ee728b)
Start importing Assets/Scripts/Managers/MenuController.cs using Guid(62bf27f9b88c3467fa9de3646b7e2287) Importer(815301076,1909f56bfc062723c751e8b465ee728b)  -> (artifact id: '6e7bec2b407af1a45a7f1ea84537af09') in 0,003107 seconds
  Import took 0,019531 seconds .

========================================================================
Received Prepare
Registering precompiled user dll's ...
Registered in 0,004448 seconds.
Begin MonoManager ReloadAssembly
Native extension for LinuxStandalone target not found
Native extension for WindowsStandalone target not found
Native extension for WebGL target not found
Refreshing native plugins compatible for Editor in 1,57 ms, found 1 plugins.
Preloading 0 native plugins for Editor in 0,00 ms.
Invoked RoslynAnalysisRunner static constructor.
RoslynAnalysisRunner will not be running.
RoslynAnalysisRunner has terminated.
Mono: successfully reloaded assembly
- Completed reload, in  3,220 seconds
Platform modules already initialized, skipping
Refreshing native plugins compatible for Editor in 1,53 ms, found 1 plugins.
Preloading 0 native plugins for Editor in 0,00 ms.
Unloading 2158 Unused Serialized files (Serialized files now loaded: 0)
System memory in use before: 115,4 MB.
System memory in use after: 115,5 MB.

Unloading 14 unused Assets to reduce memory usage. Loaded Objects now: 2691.
Total: 15,393488 ms (FindLiveObjects: 1,669100 ms CreateObjectMapping: 0,836087 ms MarkObjects: 12,278075 ms  DeleteObjects: 0,601275 ms)

========================================================================
Received Import Request.
  Time since last request: 9196,947833 seconds.
  path: Assets/Scenes/SampleScene.unity
  artifactKey: Guid(2cda990e2423bbf4892e6590ba056729) Importer(815301076,1909f56bfc062723c751e8b465ee728b)
Start importing Assets/Scenes/SampleScene.unity using Guid(2cda990e2423bbf4892e6590ba056729) Importer(815301076,1909f56bfc062723c751e8b465ee728b)  -> (artifact id: '0194e0a5ce4a05df00ff2147af00f24d') in 0,055764 seconds
  Import took 0,068539 seconds .

========================================================================
Received Prepare
Registering precompiled user dll's ...
Registered in 0,004519 seconds.
Begin MonoManager ReloadAssembly
Native extension for LinuxStandalone target not found
Native extension for WindowsStandalone target not found
Native extension for WebGL target not found
Refreshing native plugins compatible for Editor in 1,50 ms, found 1 plugins.
Preloading 0 native plugins for Editor in 0,00 ms.
Invoked RoslynAnalysisRunner static constructor.
RoslynAnalysisRunner will not be running.
RoslynAnalysisRunner has terminated.
Mono: successfully reloaded assembly
- Completed reload, in  3,321 seconds
Platform modules already initialized, skipping
Refreshing native plugins compatible for Editor in 1,47 ms, found 1 plugins.
Preloading 0 native plugins for Editor in 0,00 ms.
Unloading 2158 Unused Serialized files (Serialized files now loaded: 0)
System memory in use before: 115,5 MB.
System memory in use after: 115,5 MB.

Unloading 14 unused Assets to reduce memory usage. Loaded Objects now: 2694.
Total: 15,868400 ms (FindLiveObjects: 2,052063 ms CreateObjectMapping: 0,861787 ms MarkObjects: 12,495900 ms  DeleteObjects: 0,450387 ms)

========================================================================
Received Import Request.
  Time since last request: 225,576315 seconds.
  path: Assets/Scenes/Pizzeria.unity
  artifactKey: Guid(9a2f3b6a0ad4b136ca4879c90062671b) Importer(815301076,1909f56bfc062723c751e8b465ee728b)
Start importing Assets/Scenes/Pizzeria.unity using Guid(9a2f3b6a0ad4b136ca4879c90062671b) Importer(815301076,1909f56bfc062723c751e8b465ee728b)  -> (artifact id: '54bfd45ae700dd07f2fb134987d41000') in 0,044367 seconds
  Import took 0,062516 seconds .

========================================================================
Received Import Request.
  Time since last request: 7,240455 seconds.
  path: Assets/Scenes/SampleScene.unity
  artifactKey: Guid(2cda990e2423bbf4892e6590ba056729) Importer(815301076,1909f56bfc062723c751e8b465ee728b)
Start importing Assets/Scenes/SampleScene.unity using Guid(2cda990e2423bbf4892e6590ba056729) Importer(815301076,1909f56bfc062723c751e8b465ee728b)  -> (artifact id: '333e718f81fe1236928d2ec383c3af89') in 0,003947 seconds
  Import took 0,017832 seconds .

========================================================================
Received Import Request.
  Time since last request: 1319,754158 seconds.
  path: Assets/Scenes/SampleScene.unity
  artifactKey: Guid(2cda990e2423bbf4892e6590ba056729) Importer(815301076,1909f56bfc062723c751e8b465ee728b)
Start importing Assets/Scenes/SampleScene.unity using Guid(2cda990e2423bbf4892e6590ba056729) Importer(815301076,1909f56bfc062723c751e8b465ee728b)  -> (artifact id: 'a251d09c7085dad2ab4eb8b107e0dcb1') in 0,006158 seconds
  Import took 0,023146 seconds .

========================================================================
Received Prepare
Registering precompiled user dll's ...
Registered in 0,004562 seconds.
Begin MonoManager ReloadAssembly
Native extension for LinuxStandalone target not found
Native extension for WindowsStandalone target not found
Native extension for WebGL target not found
Refreshing native plugins compatible for Editor in 2,02 ms, found 1 plugins.
Preloading 0 native plugins for Editor in 0,00 ms.
Invoked RoslynAnalysisRunner static constructor.
RoslynAnalysisRunner will not be running.
RoslynAnalysisRunner has terminated.
Mono: successfully reloaded assembly
- Completed reload, in  3,487 seconds
Platform modules already initialized, skipping
Refreshing native plugins compatible for Editor in 1,48 ms, found 1 plugins.
Preloading 0 native plugins for Editor in 0,00 ms.
Unloading 2158 Unused Serialized files (Serialized files now loaded: 0)
System memory in use before: 115,5 MB.
System memory in use after: 115,5 MB.

Unloading 14 unused Assets to reduce memory usage. Loaded Objects now: 2697.
Total: 10,185488 ms (FindLiveObjects: 1,284863 ms CreateObjectMapping: 0,249625 ms MarkObjects: 8,150612 ms  DeleteObjects: 0,492125 ms)

========================================================================
Received Prepare
Registering precompiled user dll's ...
Registered in 0,004636 seconds.
Begin MonoManager ReloadAssembly
Native extension for LinuxStandalone target not found
Native extension for WindowsStandalone target not found
Native extension for WebGL target not found
Refreshing native plugins compatible for Editor in 1,63 ms, found 1 plugins.
Preloading 0 native plugins for Editor in 0,00 ms.
Invoked RoslynAnalysisRunner static constructor.
RoslynAnalysisRunner will not be running.
RoslynAnalysisRunner has terminated.
Mono: successfully reloaded assembly
- Completed reload, in  3,458 seconds
Platform modules already initialized, skipping
Refreshing native plugins compatible for Editor in 1,61 ms, found 1 plugins.
Preloading 0 native plugins for Editor in 0,00 ms.
Unloading 2158 Unused Serialized files (Serialized files now loaded: 0)
System memory in use before: 115,5 MB.
System memory in use after: 115,5 MB.

Unloading 14 unused Assets to reduce memory usage. Loaded Objects now: 2700.
Total: 14,953612 ms (FindLiveObjects: 2,074550 ms CreateObjectMapping: 0,877100 ms MarkObjects: 11,302025 ms  DeleteObjects: 0,692187 ms)

========================================================================
Received Prepare
Registering precompiled user dll's ...
Registered in 0,004682 seconds.
Begin MonoManager ReloadAssembly
Native extension for LinuxStandalone target not found
Native extension for WindowsStandalone target not found
Native extension for WebGL target not found
Refreshing native plugins compatible for Editor in 1,64 ms, found 1 plugins.
Preloading 0 native plugins for Editor in 0,00 ms.
Invoked RoslynAnalysisRunner static constructor.
RoslynAnalysisRunner will not be running.
RoslynAnalysisRunner has terminated.
Mono: successfully reloaded assembly
- Completed reload, in  3,780 seconds
Platform modules already initialized, skipping
Refreshing native plugins compatible for Editor in 1,73 ms, found 1 plugins.
Preloading 0 native plugins for Editor in 0,00 ms.
Unloading 2158 Unused Serialized files (Serialized files now loaded: 0)
System memory in use before: 115,5 MB.
System memory in use after: 115,5 MB.

Unloading 14 unused Assets to reduce memory usage. Loaded Objects now: 2703.
Total: 20,064850 ms (FindLiveObjects: 1,647238 ms CreateObjectMapping: 0,673113 ms MarkObjects: 17,172213 ms  DeleteObjects: 0,565275 ms)

========================================================================
Received Prepare
Registering precompiled user dll's ...
Registered in 0,004536 seconds.
Begin MonoManager ReloadAssembly
Native extension for LinuxStandalone target not found
Native extension for WindowsStandalone target not found
Native extension for WebGL target not found
Refreshing native plugins compatible for Editor in 1,67 ms, found 1 plugins.
Preloading 0 native plugins for Editor in 0,00 ms.
Invoked RoslynAnalysisRunner static constructor.
RoslynAnalysisRunner will not be running.
RoslynAnalysisRunner has terminated.
Mono: successfully reloaded assembly
- Completed reload, in  3,593 seconds
Platform modules already initialized, skipping
Refreshing native plugins compatible for Editor in 1,47 ms, found 1 plugins.
Preloading 0 native plugins for Editor in 0,00 ms.
Unloading 2158 Unused Serialized files (Serialized files now loaded: 0)
System memory in use before: 115,5 MB.
System memory in use after: 115,5 MB.

Unloading 14 unused Assets to reduce memory usage. Loaded Objects now: 2706.
Total: 14,245400 ms (FindLiveObjects: 1,487513 ms CreateObjectMapping: 0,449513 ms MarkObjects: 11,861625 ms  DeleteObjects: 0,439650 ms)

========================================================================
Received Prepare
Registering precompiled user dll's ...
Registered in 0,004712 seconds.
Begin MonoManager ReloadAssembly
Native extension for LinuxStandalone target not found
Native extension for WindowsStandalone target not found
Native extension for WebGL target not found
Refreshing native plugins compatible for Editor in 1,73 ms, found 1 plugins.
Preloading 0 native plugins for Editor in 0,00 ms.
Invoked RoslynAnalysisRunner static constructor.
RoslynAnalysisRunner will not be running.
RoslynAnalysisRunner has terminated.
Mono: successfully reloaded assembly
- Completed reload, in  3,352 seconds
Platform modules already initialized, skipping
Refreshing native plugins compatible for Editor in 1,66 ms, found 1 plugins.
Preloading 0 native plugins for Editor in 0,00 ms.
Unloading 2158 Unused Serialized files (Serialized files now loaded: 0)
System memory in use before: 115,5 MB.
System memory in use after: 115,5 MB.

Unloading 14 unused Assets to reduce memory usage. Loaded Objects now: 2709.
Total: 15,399175 ms (FindLiveObjects: 1,436725 ms CreateObjectMapping: 0,694212 ms MarkObjects: 12,796238 ms  DeleteObjects: 0,463737 ms)

========================================================================
Received Prepare
Registering precompiled user dll's ...
Registered in 0,004797 seconds.
Begin MonoManager ReloadAssembly
Native extension for LinuxStandalone target not found
Native extension for WindowsStandalone target not found
Native extension for WebGL target not found
Refreshing native plugins compatible for Editor in 2,01 ms, found 1 plugins.
Preloading 0 native plugins for Editor in 0,00 ms.
Invoked RoslynAnalysisRunner static constructor.
RoslynAnalysisRunner will not be running.
RoslynAnalysisRunner has terminated.
Mono: successfully reloaded assembly
- Completed reload, in  3,973 seconds
Platform modules already initialized, skipping
Refreshing native plugins compatible for Editor in 2,42 ms, found 1 plugins.
Preloading 0 native plugins for Editor in 0,00 ms.
Unloading 2158 Unused Serialized files (Serialized files now loaded: 0)
System memory in use before: 115,6 MB.
System memory in use after: 115,6 MB.

Unloading 14 unused Assets to reduce memory usage. Loaded Objects now: 2712.
Total: 21,334750 ms (FindLiveObjects: 3,401138 ms CreateObjectMapping: 0,966337 ms MarkObjects: 15,842850 ms  DeleteObjects: 1,116100 ms)

========================================================================
Received Prepare
Registering precompiled user dll's ...
Registered in 0,004629 seconds.
Begin MonoManager ReloadAssembly
Native extension for LinuxStandalone target not found
Native extension for WindowsStandalone target not found
Native extension for WebGL target not found
Refreshing native plugins compatible for Editor in 1,61 ms, found 1 plugins.
Preloading 0 native plugins for Editor in 0,00 ms.
Invoked RoslynAnalysisRunner static constructor.
RoslynAnalysisRunner will not be running.
RoslynAnalysisRunner has terminated.
Mono: successfully reloaded assembly
- Completed reload, in  3,481 seconds
Platform modules already initialized, skipping
Refreshing native plugins compatible for Editor in 1,64 ms, found 1 plugins.
Preloading 0 native plugins for Editor in 0,00 ms.
Unloading 2158 Unused Serialized files (Serialized files now loaded: 0)
System memory in use before: 115,6 MB.
System memory in use after: 115,6 MB.

Unloading 14 unused Assets to reduce memory usage. Loaded Objects now: 2715.
Total: 14,621625 ms (FindLiveObjects: 1,904288 ms CreateObjectMapping: 0,592325 ms MarkObjects: 11,621262 ms  DeleteObjects: 0,497825 ms)

========================================================================
Received Prepare
Registering precompiled user dll's ...
Registered in 0,005388 seconds.
Begin MonoManager ReloadAssembly
Native extension for LinuxStandalone target not found
Native extension for WindowsStandalone target not found
Native extension for WebGL target not found
Refreshing native plugins compatible for Editor in 1,52 ms, found 1 plugins.
Preloading 0 native plugins for Editor in 0,00 ms.
Invoked RoslynAnalysisRunner static constructor.
RoslynAnalysisRunner will not be running.
RoslynAnalysisRunner has terminated.
Mono: successfully reloaded assembly
- Completed reload, in  3,317 seconds
Platform modules already initialized, skipping
Refreshing native plugins compatible for Editor in 1,57 ms, found 1 plugins.
Preloading 0 native plugins for Editor in 0,00 ms.
Unloading 2158 Unused Serialized files (Serialized files now loaded: 0)
System memory in use before: 115,6 MB.
System memory in use after: 115,6 MB.

Unloading 14 unused Assets to reduce memory usage. Loaded Objects now: 2718.
Total: 14,755037 ms (FindLiveObjects: 1,531050 ms CreateObjectMapping: 0,686800 ms MarkObjects: 12,042525 ms  DeleteObjects: 0,487037 ms)

========================================================================
Received Prepare
Registering precompiled user dll's ...
Registered in 0,005679 seconds.
Begin MonoManager ReloadAssembly
Native extension for LinuxStandalone target not found
Native extension for WindowsStandalone target not found
Native extension for WebGL target not found
Refreshing native plugins compatible for Editor in 1,47 ms, found 1 plugins.
Preloading 0 native plugins for Editor in 0,00 ms.
Invoked RoslynAnalysisRunner static constructor.
RoslynAnalysisRunner will not be running.
RoslynAnalysisRunner has terminated.
Mono: successfully reloaded assembly
- Completed reload, in  3,342 seconds
Platform modules already initialized, skipping
Refreshing native plugins compatible for Editor in 1,51 ms, found 1 plugins.
Preloading 0 native plugins for Editor in 0,00 ms.
Unloading 2158 Unused Serialized files (Serialized files now loaded: 0)
System memory in use before: 115,6 MB.
System memory in use after: 115,6 MB.

Unloading 14 unused Assets to reduce memory usage. Loaded Objects now: 2721.
Total: 14,479587 ms (FindLiveObjects: 1,699787 ms CreateObjectMapping: 0,532112 ms MarkObjects: 11,807875 ms  DeleteObjects: 0,433488 ms)

========================================================================
Received Prepare
Registering precompiled user dll's ...
Registered in 0,005897 seconds.
Begin MonoManager ReloadAssembly
Native extension for LinuxStandalone target not found
Native extension for WindowsStandalone target not found
Native extension for WebGL target not found
Refreshing native plugins compatible for Editor in 1,53 ms, found 1 plugins.
Preloading 0 native plugins for Editor in 0,00 ms.
Invoked RoslynAnalysisRunner static constructor.
RoslynAnalysisRunner will not be running.
RoslynAnalysisRunner has terminated.
Mono: successfully reloaded assembly
- Completed reload, in  3,438 seconds
Platform modules already initialized, skipping
Refreshing native plugins compatible for Editor in 2,35 ms, found 1 plugins.
Preloading 0 native plugins for Editor in 0,00 ms.
Unloading 2158 Unused Serialized files (Serialized files now loaded: 0)
System memory in use before: 115,6 MB.
System memory in use after: 115,7 MB.

Unloading 14 unused Assets to reduce memory usage. Loaded Objects now: 2724.
Total: 15,074300 ms (FindLiveObjects: 1,745837 ms CreateObjectMapping: 0,653400 ms MarkObjects: 11,961462 ms  DeleteObjects: 0,705050 ms)

========================================================================
Received Prepare
Registering precompiled user dll's ...
Registered in 0,005154 seconds.
Begin MonoManager ReloadAssembly
Native extension for LinuxStandalone target not found
Native extension for WindowsStandalone target not found
Native extension for WebGL target not found
Refreshing native plugins compatible for Editor in 1,61 ms, found 1 plugins.
Preloading 0 native plugins for Editor in 0,00 ms.
Invoked RoslynAnalysisRunner static constructor.
RoslynAnalysisRunner will not be running.
RoslynAnalysisRunner has terminated.
Mono: successfully reloaded assembly
- Completed reload, in  3,466 seconds
Platform modules already initialized, skipping
Refreshing native plugins compatible for Editor in 1,65 ms, found 1 plugins.
Preloading 0 native plugins for Editor in 0,00 ms.
Unloading 2158 Unused Serialized files (Serialized files now loaded: 0)
System memory in use before: 115,6 MB.
System memory in use after: 115,7 MB.

Unloading 14 unused Assets to reduce memory usage. Loaded Objects now: 2727.
Total: 11,774487 ms (FindLiveObjects: 1,611300 ms CreateObjectMapping: 0,742550 ms MarkObjects: 8,918350 ms  DeleteObjects: 0,494462 ms)

========================================================================
Received Prepare
Registering precompiled user dll's ...
Registered in 0,004810 seconds.
Begin MonoManager ReloadAssembly
Native extension for LinuxStandalone target not found
Native extension for WindowsStandalone target not found
Native extension for WebGL target not found
Refreshing native plugins compatible for Editor in 1,66 ms, found 1 plugins.
Preloading 0 native plugins for Editor in 0,00 ms.
Invoked RoslynAnalysisRunner static constructor.
RoslynAnalysisRunner will not be running.
RoslynAnalysisRunner has terminated.
Mono: successfully reloaded assembly
- Completed reload, in  3,421 seconds
Platform modules already initialized, skipping
Refreshing native plugins compatible for Editor in 1,51 ms, found 1 plugins.
Preloading 0 native plugins for Editor in 0,00 ms.
Unloading 2158 Unused Serialized files (Serialized files now loaded: 0)
System memory in use before: 115,6 MB.
System memory in use after: 115,7 MB.

Unloading 14 unused Assets to reduce memory usage. Loaded Objects now: 2730.
Total: 13,369937 ms (FindLiveObjects: 1,789412 ms CreateObjectMapping: 0,871112 ms MarkObjects: 10,254962 ms  DeleteObjects: 0,444063 ms)

========================================================================
Received Prepare
Registering precompiled user dll's ...
Registered in 0,005187 seconds.
Begin MonoManager ReloadAssembly
Native extension for LinuxStandalone target not found
Native extension for WindowsStandalone target not found
Native extension for WebGL target not found
Refreshing native plugins compatible for Editor in 1,57 ms, found 1 plugins.
Preloading 0 native plugins for Editor in 0,00 ms.
Invoked RoslynAnalysisRunner static constructor.
RoslynAnalysisRunner will not be running.
RoslynAnalysisRunner has terminated.
Mono: successfully reloaded assembly
- Completed reload, in  3,387 seconds
Platform modules already initialized, skipping
Refreshing native plugins compatible for Editor in 1,61 ms, found 1 plugins.
Preloading 0 native plugins for Editor in 0,00 ms.
Unloading 2158 Unused Serialized files (Serialized files now loaded: 0)
System memory in use before: 115,6 MB.
System memory in use after: 115,8 MB.

Unloading 14 unused Assets to reduce memory usage. Loaded Objects now: 2733.
Total: 13,557825 ms (FindLiveObjects: 1,426263 ms CreateObjectMapping: 0,475062 ms MarkObjects: 11,205563 ms  DeleteObjects: 0,444425 ms)

========================================================================
Received Import Request.
  Time since last request: 7414,169447 seconds.
  path: Assets/Scripts/Managers/GameManager.cs
  artifactKey: Guid(8946af2772345d726a96ff9de25def47) Importer(815301076,1909f56bfc062723c751e8b465ee728b)
Start importing Assets/Scripts/Managers/GameManager.cs using Guid(8946af2772345d726a96ff9de25def47) Importer(815301076,1909f56bfc062723c751e8b465ee728b)  -> (artifact id: '248581ddbeadd6d95c2adacf9b96e233') in 0,110010 seconds
  Import took 0,175311 seconds .

========================================================================
Received Import Request.
  Time since last request: 742,119707 seconds.
  path: Assets/Scripts/Managers/GameManager.cs
  artifactKey: Guid(8946af2772345d726a96ff9de25def47) Importer(815301076,1909f56bfc062723c751e8b465ee728b)
Start importing Assets/Scripts/Managers/GameManager.cs using Guid(8946af2772345d726a96ff9de25def47) Importer(815301076,1909f56bfc062723c751e8b465ee728b)  -> (artifact id: '95a51f803659859f5211024529480c05') in 0,002626 seconds
  Import took 0,015745 seconds .

========================================================================
Received Prepare
Registering precompiled user dll's ...
Registered in 0,004593 seconds.
Begin MonoManager ReloadAssembly
Native extension for LinuxStandalone target not found
Native extension for WindowsStandalone target not found
Native extension for WebGL target not found
Refreshing native plugins compatible for Editor in 1,52 ms, found 1 plugins.
Preloading 0 native plugins for Editor in 0,00 ms.
Invoked RoslynAnalysisRunner static constructor.
RoslynAnalysisRunner will not be running.
RoslynAnalysisRunner has terminated.
Mono: successfully reloaded assembly
- Completed reload, in  3,462 seconds
Platform modules already initialized, skipping
Refreshing native plugins compatible for Editor in 1,64 ms, found 1 plugins.
Preloading 0 native plugins for Editor in 0,00 ms.
Unloading 2158 Unused Serialized files (Serialized files now loaded: 0)
System memory in use before: 115,7 MB.
System memory in use after: 115,8 MB.

Unloading 14 unused Assets to reduce memory usage. Loaded Objects now: 2736.
Total: 15,312862 ms (FindLiveObjects: 1,897525 ms CreateObjectMapping: 0,643925 ms MarkObjects: 12,317513 ms  DeleteObjects: 0,446763 ms)

========================================================================
Received Import Request.
  Time since last request: 41,787949 seconds.
  path: Assets/Scripts/Utility/QualityList.cs
  artifactKey: Guid(701682965c2c6f2cfb45e1d4f39b4eff) Importer(815301076,1909f56bfc062723c751e8b465ee728b)
Start importing Assets/Scripts/Utility/QualityList.cs using Guid(701682965c2c6f2cfb45e1d4f39b4eff) Importer(815301076,1909f56bfc062723c751e8b465ee728b)  -> (artifact id: '15e230a7e7098f39233d3c051b6b98bb') in 0,012982 seconds
  Import took 0,025410 seconds .

========================================================================
Received Import Request.
  Time since last request: 0,030947 seconds.
  path: Assets/Scripts/Utility/QualityList.cs
  artifactKey: Guid(701682965c2c6f2cfb45e1d4f39b4eff) Importer(815301076,1909f56bfc062723c751e8b465ee728b)
Start importing Assets/Scripts/Utility/QualityList.cs using Guid(701682965c2c6f2cfb45e1d4f39b4eff) Importer(815301076,1909f56bfc062723c751e8b465ee728b)  -> (artifact id: '15e230a7e7098f39233d3c051b6b98bb') in 0,003086 seconds
  Import took 0,027869 seconds .

========================================================================
Received Prepare
Registering precompiled user dll's ...
Registered in 0,005352 seconds.
Begin MonoManager ReloadAssembly
Native extension for LinuxStandalone target not found
Native extension for WindowsStandalone target not found
Native extension for WebGL target not found
Refreshing native plugins compatible for Editor in 1,50 ms, found 1 plugins.
Preloading 0 native plugins for Editor in 0,00 ms.
Invoked RoslynAnalysisRunner static constructor.
RoslynAnalysisRunner will not be running.
RoslynAnalysisRunner has terminated.
Mono: successfully reloaded assembly
- Completed reload, in  3,454 seconds
Platform modules already initialized, skipping
Refreshing native plugins compatible for Editor in 1,54 ms, found 1 plugins.
Preloading 0 native plugins for Editor in 0,00 ms.
Unloading 2158 Unused Serialized files (Serialized files now loaded: 0)
System memory in use before: 115,7 MB.
System memory in use after: 115,8 MB.

Unloading 14 unused Assets to reduce memory usage. Loaded Objects now: 2739.
Total: 13,203088 ms (FindLiveObjects: 1,566038 ms CreateObjectMapping: 0,668850 ms MarkObjects: 10,440175 ms  DeleteObjects: 0,520062 ms)

========================================================================
Received Import Request.
  Time since last request: 292,186228 seconds.
  path: Assets/Scripts/Utility/QualityList.cs
  artifactKey: Guid(701682965c2c6f2cfb45e1d4f39b4eff) Importer(815301076,1909f56bfc062723c751e8b465ee728b)
Start importing Assets/Scripts/Utility/QualityList.cs using Guid(701682965c2c6f2cfb45e1d4f39b4eff) Importer(815301076,1909f56bfc062723c751e8b465ee728b)  -> (artifact id: '2443a5e9efefb16a3ba859caa1fec5f2') in 0,015894 seconds
  Import took 0,032765 seconds .

========================================================================
Received Import Request.
  Time since last request: 19,579186 seconds.
  path: Assets/Scripts/Utility/QualityList.cs
  artifactKey: Guid(701682965c2c6f2cfb45e1d4f39b4eff) Importer(815301076,1909f56bfc062723c751e8b465ee728b)
Start importing Assets/Scripts/Utility/QualityList.cs using Guid(701682965c2c6f2cfb45e1d4f39b4eff) Importer(815301076,1909f56bfc062723c751e8b465ee728b)  -> (artifact id: '0a293fc73d4d1f170740739942a83857') in 0,003077 seconds
  Import took 0,018186 seconds .

========================================================================
Received Prepare
Registering precompiled user dll's ...
Registered in 0,004828 seconds.
Begin MonoManager ReloadAssembly
Native extension for LinuxStandalone target not found
Native extension for WindowsStandalone target not found
Native extension for WebGL target not found
Refreshing native plugins compatible for Editor in 1,51 ms, found 1 plugins.
Preloading 0 native plugins for Editor in 0,00 ms.
Invoked RoslynAnalysisRunner static constructor.
RoslynAnalysisRunner will not be running.
RoslynAnalysisRunner has terminated.
Mono: successfully reloaded assembly
- Completed reload, in  3,449 seconds
Platform modules already initialized, skipping
Refreshing native plugins compatible for Editor in 1,72 ms, found 1 plugins.
Preloading 0 native plugins for Editor in 0,00 ms.
Unloading 2158 Unused Serialized files (Serialized files now loaded: 0)
System memory in use before: 115,7 MB.
System memory in use after: 115,8 MB.

Unloading 14 unused Assets to reduce memory usage. Loaded Objects now: 2742.
Total: 12,353000 ms (FindLiveObjects: 1,409850 ms CreateObjectMapping: 0,619900 ms MarkObjects: 9,837550 ms  DeleteObjects: 0,479450 ms)

========================================================================
Received Import Request.
  Time since last request: 33,743191 seconds.
  path: Assets/Scripts/Utility/QualityList.cs
  artifactKey: Guid(701682965c2c6f2cfb45e1d4f39b4eff) Importer(815301076,1909f56bfc062723c751e8b465ee728b)
Start importing Assets/Scripts/Utility/QualityList.cs using Guid(701682965c2c6f2cfb45e1d4f39b4eff) Importer(815301076,1909f56bfc062723c751e8b465ee728b)  -> (artifact id: 'd104bd85846a9125234f53efe9dceb49') in 0,012177 seconds
  Import took 0,027957 seconds .

========================================================================
Received Prepare
Registering precompiled user dll's ...
Registered in 0,006021 seconds.
Begin MonoManager ReloadAssembly
Native extension for LinuxStandalone target not found
Native extension for WindowsStandalone target not found
Native extension for WebGL target not found
Refreshing native plugins compatible for Editor in 1,76 ms, found 1 plugins.
Preloading 0 native plugins for Editor in 0,00 ms.
Invoked RoslynAnalysisRunner static constructor.
RoslynAnalysisRunner will not be running.
RoslynAnalysisRunner has terminated.
Mono: successfully reloaded assembly
- Completed reload, in  4,285 seconds
Platform modules already initialized, skipping
Refreshing native plugins compatible for Editor in 1,57 ms, found 1 plugins.
Preloading 0 native plugins for Editor in 0,00 ms.
Unloading 2158 Unused Serialized files (Serialized files now loaded: 0)
System memory in use before: 115,7 MB.
System memory in use after: 115,8 MB.

Unloading 14 unused Assets to reduce memory usage. Loaded Objects now: 2745.
Total: 12,555088 ms (FindLiveObjects: 1,060487 ms CreateObjectMapping: 0,399663 ms MarkObjects: 10,509900 ms  DeleteObjects: 0,579475 ms)

========================================================================
Received Import Request.
  Time since last request: 63,169548 seconds.
  path: Assets/Scripts/Utility/QualityList.cs
  artifactKey: Guid(701682965c2c6f2cfb45e1d4f39b4eff) Importer(815301076,1909f56bfc062723c751e8b465ee728b)
Start importing Assets/Scripts/Utility/QualityList.cs using Guid(701682965c2c6f2cfb45e1d4f39b4eff) Importer(815301076,1909f56bfc062723c751e8b465ee728b)  -> (artifact id: 'b7581fb02d98ef6c35589ca356266b20') in 0,014919 seconds
  Import took 0,034529 seconds .

========================================================================
Received Import Request.
  Time since last request: 1752,021145 seconds.
  path: Assets/Scripts/Utility/ResoList.cs
  artifactKey: Guid(322918fd21dc04e32834c2df02763bf1) Importer(815301076,1909f56bfc062723c751e8b465ee728b)
Start importing Assets/Scripts/Utility/ResoList.cs using Guid(322918fd21dc04e32834c2df02763bf1) Importer(815301076,1909f56bfc062723c751e8b465ee728b)  -> (artifact id: '53bac6cf3c50867e7b05127e8a69bc26') in 0,003919 seconds
  Import took 0,023369 seconds .

========================================================================
Received Prepare
Registering precompiled user dll's ...
Registered in 0,004968 seconds.
Begin MonoManager ReloadAssembly
Native extension for LinuxStandalone target not found
Native extension for WindowsStandalone target not found
Native extension for WebGL target not found
Refreshing native plugins compatible for Editor in 1,76 ms, found 1 plugins.
Preloading 0 native plugins for Editor in 0,00 ms.
Invoked RoslynAnalysisRunner static constructor.
RoslynAnalysisRunner will not be running.
RoslynAnalysisRunner has terminated.
Mono: successfully reloaded assembly
- Completed reload, in  3,553 seconds
Platform modules already initialized, skipping
Refreshing native plugins compatible for Editor in 1,67 ms, found 1 plugins.
Preloading 0 native plugins for Editor in 0,00 ms.
Unloading 2158 Unused Serialized files (Serialized files now loaded: 0)
System memory in use before: 115,7 MB.
System memory in use after: 115,8 MB.

Unloading 14 unused Assets to reduce memory usage. Loaded Objects now: 2748.
Total: 11,353550 ms (FindLiveObjects: 1,509375 ms CreateObjectMapping: 0,938637 ms MarkObjects: 8,452337 ms  DeleteObjects: 0,447512 ms)

========================================================================
Received Import Request.
  Time since last request: 1453,789567 seconds.
  path: Assets/Scripts/Utility/ResoList.cs
  artifactKey: Guid(322918fd21dc04e32834c2df02763bf1) Importer(815301076,1909f56bfc062723c751e8b465ee728b)
Start importing Assets/Scripts/Utility/ResoList.cs using Guid(322918fd21dc04e32834c2df02763bf1) Importer(815301076,1909f56bfc062723c751e8b465ee728b)  -> (artifact id: 'e32a02264543c869a2982ef3fb2502f6') in 0,020177 seconds
  Import took 0,038271 seconds .

========================================================================
Received Prepare
Registering precompiled user dll's ...
Registered in 0,005488 seconds.
Begin MonoManager ReloadAssembly
Native extension for LinuxStandalone target not found
Native extension for WindowsStandalone target not found
Native extension for WebGL target not found
Refreshing native plugins compatible for Editor in 1,59 ms, found 1 plugins.
Preloading 0 native plugins for Editor in 0,00 ms.
Invoked RoslynAnalysisRunner static constructor.
RoslynAnalysisRunner will not be running.
RoslynAnalysisRunner has terminated.
Mono: successfully reloaded assembly
- Completed reload, in  3,504 seconds
Platform modules already initialized, skipping
Refreshing native plugins compatible for Editor in 1,62 ms, found 1 plugins.
Preloading 0 native plugins for Editor in 0,00 ms.
Unloading 2158 Unused Serialized files (Serialized files now loaded: 0)
System memory in use before: 115,7 MB.
System memory in use after: 115,8 MB.

Unloading 14 unused Assets to reduce memory usage. Loaded Objects now: 2751.
Total: 14,196862 ms (FindLiveObjects: 1,359188 ms CreateObjectMapping: 0,556950 ms MarkObjects: 11,790938 ms  DeleteObjects: 0,483725 ms)

========================================================================
Received Import Request.
  Time since last request: 90,749012 seconds.
  path: Assets/Scripts/Utility/ResoList.cs
  artifactKey: Guid(322918fd21dc04e32834c2df02763bf1) Importer(815301076,1909f56bfc062723c751e8b465ee728b)
Start importing Assets/Scripts/Utility/ResoList.cs using Guid(322918fd21dc04e32834c2df02763bf1) Importer(815301076,1909f56bfc062723c751e8b465ee728b)  -> (artifact id: '8c7bf330a20db773e1126b7f998b0e5c') in 0,011910 seconds
  Import took 0,025847 seconds .

========================================================================
Received Prepare
Registering precompiled user dll's ...
Registered in 0,004956 seconds.
Begin MonoManager ReloadAssembly
Native extension for LinuxStandalone target not found
Native extension for WindowsStandalone target not found
Native extension for WebGL target not found
Refreshing native plugins compatible for Editor in 1,63 ms, found 1 plugins.
Preloading 0 native plugins for Editor in 0,00 ms.
Invoked RoslynAnalysisRunner static constructor.
RoslynAnalysisRunner will not be running.
RoslynAnalysisRunner has terminated.
Mono: successfully reloaded assembly
- Completed reload, in  3,338 seconds
Platform modules already initialized, skipping
Refreshing native plugins compatible for Editor in 1,59 ms, found 1 plugins.
Preloading 0 native plugins for Editor in 0,00 ms.
Unloading 2158 Unused Serialized files (Serialized files now loaded: 0)
System memory in use before: 115,7 MB.
System memory in use after: 115,8 MB.

Unloading 14 unused Assets to reduce memory usage. Loaded Objects now: 2754.
Total: 15,481262 ms (FindLiveObjects: 2,037862 ms CreateObjectMapping: 0,909812 ms MarkObjects: 12,026550 ms  DeleteObjects: 0,498900 ms)

AssetImportWorkerClient::OnTransportError - code=2 error=End of file
